Android/AppMultiplasPermissoes/app/build/outputs/logs/manifest-merger-debug-report.txt
-- Merging decision tree log ---
manifest
ADDED from src\main\AndroidManifest.xml:2:1-29:12
INJECTED from src\main\AndroidManifest.xml:2:1-29:12
INJECTED from src\main\AndroidManifest.xml:2:1-29:12
INJECTED from src\main\AndroidManifest.xml:2:1-29:12
MERGED from [com.android.support:appcompat-v7:28.0.0-alpha3] AndroidManifest.xml:17:1-22:12
MERGED from [com.android.support.constraint:constraint-layout:1.1.2] AndroidManifest.xml:2:1-11:12
MERGED from [com.android.support:support-fragment:28.0.0-alpha3] AndroidManifest.xml:17:1-22:12
MERGED from [com.android.support:animated-vector-drawable:28.0.0-alpha3] AndroidManifest.xml:17:1-22:12
MERGED from [com.android.support:support-core-ui:28.0.0-alpha3] AndroidManifest.xml:17:1-22:12
MERGED from [com.android.support:support-core-utils:28.0.0-alpha3] AndroidManifest.xml:17:1-22:12
MERGED from [com.android.support:support-vector-drawable:28.0.0-alpha3] AndroidManifest.xml:17:1-22:12
MERGED from [com.android.support:loader:28.0.0-alpha3] AndroidManifest.xml:17:1-22:12
MERGED from [com.android.support:viewpager:28.0.0-alpha3] AndroidManifest.xml:17:1-22:12
MERGED from [com.android.support:coordinatorlayout:28.0.0-alpha3] AndroidManifest.xml:17:1-22:12
MERGED from [com.android.support:drawerlayout:28.0.0-alpha3] AndroidManifest.xml:17:1-22:12
MERGED from [com.android.support:slidingpanelayout:28.0.0-alpha3] AndroidManifest.xml:17:1-22:12
MERGED from [com.android.support:customview:28.0.0-alpha3] AndroidManifest.xml:17:1-22:12
MERGED from [com.android.support:swiperefreshlayout:28.0.0-alpha3] AndroidManifest.xml:17:1-22:12
MERGED from [com.android.support:asynclayoutinflater:28.0.0-alpha3] AndroidManifest.xml:17:1-22:12
MERGED from [com.android.support:support-compat:28.0.0-alpha3] AndroidManifest.xml:17:1-24:12
MERGED from [com.android.support:cursoradapter:28.0.0-alpha3] AndroidManifest.xml:17:1-22:12
MERGED from [android.arch.lifecycle:runtime:1.1.1] AndroidManifest.xml:17:1-22:12
MERGED from [com.android.support:versionedparcelable:28.0.0-alpha3] AndroidManifest.xml:17:1-25:12
MERGED from [com.android.support:documentfile:28.0.0-alpha3] AndroidManifest.xml:17:1-22:12
MERGED from [com.android.support:localbroadcastmanager:28.0.0-alpha3] AndroidManifest.xml:17:1-22:12
MERGED from [com.android.support:print:28.0.0-alpha3] AndroidManifest.xml:17:1-22:12
MERGED from [android.arch.lifecycle:viewmodel:1.1.1] AndroidManifest.xml:17:1-22:12
MERGED from [android.arch.lifecycle:livedata-core:1.1.1] AndroidManifest.xml:17:1-22:12
MERGED from [android.arch.core:runtime:1.1.1] AndroidManifest.xml:17:1-22:12
MERGED from [com.android.support:interpolator:28.0.0-alpha3] AndroidManifest.xml:17:1-22:12
INJECTED from src\main\AndroidManifest.xml:2:1-29:12
INJECTED from src\main\AndroidManifest.xml:2:1-29:12
INJECTED from src\main\AndroidManifest.xml:2:1-29:12
	package
		ADDED from src\main\AndroidManifest.xml:3:5-47
		INJECTED from src\main\AndroidManifest.xml
		INJECTED from src\main\AndroidManifest.xml
	android:versionName
		INJECTED from src\main\AndroidManifest.xml
		ADDED from src\main\AndroidManifest.xml:2:1-29:12
		INJECTED from src\main\AndroidManifest.xml
	android:versionCode
		INJECTED from src\main\AndroidManifest.xml
		ADDED from src\main\AndroidManifest.xml:2:1-29:12
		INJECTED from src\main\AndroidManifest.xml
	xmlns:android
		ADDED from src\main\AndroidManifest.xml:2:11-69
uses-permission#android.permission.INTERNET
ADDED from src\main\AndroidManifest.xml:5:5-66
	android:name
		ADDED from src\main\AndroidManifest.xml:5:22-64
uses-permission#android.permission.CAMERA
ADDED from src\main\AndroidManifest.xml:6:5-64
	android:name
		ADDED from src\main\AndroidManifest.xml:6:22-62
uses-permission#android.permission.CALL_PHONE
ADDED from src\main\AndroidManifest.xml:7:5-68
	android:name
		ADDED from src\main\AndroidManifest.xml:7:22-66
uses-permission#android.permission.READ_CONTACTS
ADDED from src\main\AndroidManifest.xml:8:5-71
	android:name
		ADDED from src\main\AndroidManifest.xml:8:22-69
uses-permission#android.permission.ACCESS_WIFI_STATE
ADDED from src\main\AndroidManifest.xml:9:5-75
	android:name
		ADDED from src\main\AndroidManifest.xml:9:22-73
uses-permission#android.permission.READ_EXTERNAL_STORAGE
ADDED from src\main\AndroidManifest.xml:10:5-79
	android:name
		ADDED from src\main\AndroidManifest.xml:10:22-77
uses-permission#android.permission.ACCESS_FINE_LOCATION
ADDED from src\main\AndroidManifest.xml:11:5-78
	android:name
		ADDED from src\main\AndroidManifest.xml:11:22-76
application
ADDED from src\main\AndroidManifest.xml:13:5-27:19
MERGED from [com.android.support.constraint:constraint-layout:1.1.2] AndroidManifest.xml:9:5-20
MERGED from [com.android.support.constraint:constraint-layout:1.1.2] AndroidManifest.xml:9:5-20
MERGED from [com.android.support:support-compat:28.0.0-alpha3] AndroidManifest.xml:22:5-94
MERGED from [com.android.support:support-compat:28.0.0-alpha3] AndroidManifest.xml:22:5-94
MERGED from [com.android.support:versionedparcelable:28.0.0-alpha3] AndroidManifest.xml:22:5-23:19
MERGED from [com.android.support:versionedparcelable:28.0.0-alpha3] AndroidManifest.xml:22:5-23:19
	android:appComponentFactory
		ADDED from [com.android.support:support-compat:28.0.0-alpha3] AndroidManifest.xml:22:18-91
	android:supportsRtl
		ADDED from src\main\AndroidManifest.xml:18:9-35
	android:label
		ADDED from src\main\AndroidManifest.xml:16:9-41
	android:roundIcon
		ADDED from src\main\AndroidManifest.xml:17:9-54
	android:icon
		ADDED from src\main\AndroidManifest.xml:15:9-43
	android:allowBackup
		ADDED from src\main\AndroidManifest.xml:14:9-35
	android:theme
		ADDED from src\main\AndroidManifest.xml:19:9-40
activity#maddo.foo.appmultiplaspermissoes.MainActivity
ADDED from src\main\AndroidManifest.xml:20:9-26:20
	android:name
		ADDED from src\main\AndroidManifest.xml:20:19-47
intent-filter#action:name:android.intent.action.MAIN+category:name:android.intent.category.LAUNCHER
ADDED from src\main\AndroidManifest.xml:21:13-25:29
action#android.intent.action.MAIN
ADDED from src\main\AndroidManifest.xml:22:17-69
	android:name
		ADDED from src\main\AndroidManifest.xml:22:25-66
category#android.intent.category.LAUNCHER
ADDED from src\main\AndroidManifest.xml:24:17-77
	android:name
		ADDED from src\main\AndroidManifest.xml:24:27-74
uses-sdk
INJECTED from src\main\AndroidManifest.xml reason: use-sdk injection requested
INJECTED from src\main\AndroidManifest.xml
INJECTED from src\main\AndroidManifest.xml
MERGED from [com.android.support:appcompat-v7:28.0.0-alpha3] AndroidManifest.xml:20:5-44
MERGED from [com.android.support:appcompat-v7:28.0.0-alpha3] AndroidManifest.xml:20:5-44
MERGED from [com.android.support.constraint:constraint-layout:1.1.2] AndroidManifest.xml:5:5-7:41
MERGED from [com.android.support.constraint:constraint-layout:1.1.2] AndroidManifest.xml:5:5-7:41
MERGED from [com.android.support:support-fragment:28.0.0-alpha3] AndroidManifest.xml:20:5-44
MERGED from [com.android.support:support-fragment:28.0.0-alpha3] AndroidManifest.xml:20:5-44
MERGED from [com.android.support:animated-vector-drawable:28.0.0-alpha3] AndroidManifest.xml:20:5-44
MERGED from [com.android.support:animated-vector-drawable:28.0.0-alpha3] AndroidManifest.xml:20:5-44
MERGED from [com.android.support:support-core-ui:28.0.0-alpha3] AndroidManifest.xml:20:5-44
MERGED from [com.android.support:support-core-ui:28.0.0-alpha3] AndroidManifest.xml:20:5-44
MERGED from [com.android.support:support-core-utils:28.0.0-alpha3] AndroidManifest.xml:20:5-44
MERGED from [com.android.support:support-core-utils:28.0.0-alpha3] AndroidManifest.xml:20:5-44
MERGED from [com.android.support:support-vector-drawable:28.0.0-alpha3] AndroidManifest.xml:20:5-44
MERGED from [com.android.support:support-vector-drawable:28.0.0-alpha3] AndroidManifest.xml:20:5-44
MERGED from [com.android.support:loader:28.0.0-alpha3] AndroidManifest.xml:20:5-44
MERGED from [com.android.support:loader:28.0.0-alpha3] AndroidManifest.xml:20:5-44
MERGED from [com.android.support:viewpager:28.0.0-alpha3] AndroidManifest.xml:20:5-44
MERGED from [com.android.support:viewpager:28.0.0-alpha3] AndroidManifest.xml:20:5-44
MERGED from [com.android.support:coordinatorlayout:28.0.0-alpha3] AndroidManifest.xml:20:5-44
MERGED from [com.android.support:coordinatorlayout:28.0.0-alpha3] AndroidManifest.xml:20:5-44
MERGED from [com.android.support:drawerlayout:28.0.0-alpha3] AndroidManifest.xml:20:5-44
MERGED from [com.android.support:drawerlayout:28.0.0-alpha3] AndroidManifest.xml:20:5-44
MERGED from [com.android.support:slidingpanelayout:28.0.0-alpha3] AndroidManifest.xml:20:5-44
MERGED from [com.android.support:slidingpanelayout:28.0.0-alpha3] AndroidManifest.xml:20:5-44
MERGED from [com.android.support:customview:28.0.0-alpha3] AndroidManifest.xml:20:5-44
MERGED from [com.android.support:customview:28.0.0-alpha3] AndroidManifest.xml:20:5-44
MERGED from [com.android.support:swiperefreshlayout:28.0.0-alpha3] AndroidManifest.xml:20:5-44
MERGED from [com.android.support:swiperefreshlayout:28.0.0-alpha3] AndroidManifest.xml:20:5-44
MERGED from [com.android.support:asynclayoutinflater:28.0.0-alpha3] AndroidManifest.xml:20:5-44
MERGED from [com.android.support:asynclayoutinflater:28.0.0-alpha3] AndroidManifest.xml:20:5-44
MERGED from [com.android.support:support-compat:28.0.0-alpha3] AndroidManifest.xml:20:5-44
MERGED from [com.android.support:support-compat:28.0.0-alpha3] AndroidManifest.xml:20:5-44
MERGED from [com.android.support:cursoradapter:28.0.0-alpha3] AndroidManifest.xml:20:5-44
MERGED from [com.android.support:cursoradapter:28.0.0-alpha3] AndroidManifest.xml:20:5-44
MERGED from [android.arch.lifecycle:runtime:1.1.1] AndroidManifest.xml:20:5-44
MERGED from [android.arch.lifecycle:runtime:1.1.1] AndroidManifest.xml:20:5-44
MERGED from [com.android.support:versionedparcelable:28.0.0-alpha3] AndroidManifest.xml:20:5-44
MERGED from [com.android.support:versionedparcelable:28.0.0-alpha3] AndroidManifest.xml:20:5-44
MERGED from [com.android.support:documentfile:28.0.0-alpha3] AndroidManifest.xml:20:5-44
MERGED from [com.android.support:documentfile:28.0.0-alpha3] AndroidManifest.xml:20:5-44
MERGED from [com.android.support:localbroadcastmanager:28.0.0-alpha3] AndroidManifest.xml:20:5-44
MERGED from [com.android.support:localbroadcastmanager:28.0.0-alpha3] AndroidManifest.xml:20:5-44
MERGED from [com.android.support:print:28.0.0-alpha3] AndroidManifest.xml:20:5-44
MERGED from [com.android.support:print:28.0.0-alpha3] AndroidManifest.xml:20:5-44
MERGED from [android.arch.lifecycle:viewmodel:1.1.1] AndroidManifest.xml:20:5-44
MERGED from [android.arch.lifecycle:viewmodel:1.1.1] AndroidManifest.xml:20:5-44
MERGED from [android.arch.lifecycle:livedata-core:1.1.1] AndroidManifest.xml:20:5-44
MERGED from [android.arch.lifecycle:livedata-core:1.1.1] AndroidManifest.xml:20:5-44
MERGED from [android.arch.core:runtime:1.1.1] AndroidManifest.xml:20:5-44
MERGED from [android.arch.core:runtime:1.1.1] AndroidManifest.xml:20:5-44
MERGED from [com.android.support:interpolator:28.0.0-alpha3] AndroidManifest.xml:20:5-44
MERGED from [com.android.support:interpolator:28.0.0-alpha3] AndroidManifest.xml:20:5-44
INJECTED from src\main\AndroidManifest.xml
INJECTED from src\main\AndroidManifest.xml
	android:targetSdkVersion
		INJECTED from src\main\AndroidManifest.xml
		ADDED from src\main\AndroidManifest.xml
		INJECTED from src\main\AndroidManifest.xml
	android:minSdkVersion
		INJECTED from src\main\AndroidManifest.xml
		ADDED from src\main\AndroidManifest.xml
		INJECTED from src\main\AndroidManifest.xml